  Settings.cpp
  imgui_impl_glfw.cpp
  imgui_impl_opengl3.cpp
  imgui.cpp
  imgui_demo.cpp
  imgui_draw.cpp
  imgui_tables.cpp
  imgui_widgets.cpp
  KeyboardController.cpp
  MouseController.cpp
  Collider.cpp
  CollisionManager.cpp
  Entity2D.cpp
  Entity3D.cpp
  LevelOfDetails.cpp
  Mesh.cpp
  MeshBuilder.cpp
  SpriteAnimation.cpp
C:\Users\jhcho\OneDrive\Desktop\22S1 Programming Files\2D Game Creation\ICAs\ICA 2\NYP_Framework_ICA_2\Library\Source\Primitives\SpriteAnimation.cpp(75,62): warning C4244: 'argument': conversion from 'double' to 'const unsigned int', possible loss of data
  ShaderManager.cpp
  ImageLoader.cpp
  Compiling...
  LoadOBJ.cpp
  FPSCounter.cpp
  StopWatch.cpp
  Library.vcxproj -> C:\Users\jhcho\OneDrive\Desktop\22S1 Programming Files\2D Game Creation\ICAs\ICA 2\NYP_Framework_ICA_2\Release\Library.lib
