c:\users\jhcho\onedrive\desktop\github files\22s1-studio-project-3\app\debug\vc142.pdb
c:\users\jhcho\onedrive\desktop\github files\22s1-studio-project-3\app\debug\vc142.idb
c:\users\jhcho\onedrive\desktop\github files\22s1-studio-project-3\app\debug\soundinfo.obj
c:\users\jhcho\onedrive\desktop\github files\22s1-studio-project-3\app\debug\soundcontroller.obj
c:\users\jhcho\onedrive\desktop\github files\22s1-studio-project-3\app\debug\scene2d.obj
c:\users\jhcho\onedrive\desktop\github files\22s1-studio-project-3\app\debug\player2d.obj
c:\users\jhcho\onedrive\desktop\github files\22s1-studio-project-3\app\debug\physics2d.obj
c:\users\jhcho\onedrive\desktop\github files\22s1-studio-project-3\app\debug\map2d.obj
c:\users\jhcho\onedrive\desktop\github files\22s1-studio-project-3\app\debug\inventorymanager.obj
c:\users\jhcho\onedrive\desktop\github files\22s1-studio-project-3\app\debug\inventoryitem.obj
c:\users\jhcho\onedrive\desktop\github files\22s1-studio-project-3\app\debug\gui_scene2d.obj
c:\users\jhcho\onedrive\desktop\github files\22s1-studio-project-3\app\debug\gamemanager.obj
c:\users\jhcho\onedrive\desktop\github files\22s1-studio-project-3\app\debug\enemy2d.obj
c:\users\jhcho\onedrive\desktop\github files\22s1-studio-project-3\app\debug\backgroundentity.obj
c:\users\jhcho\onedrive\desktop\github files\22s1-studio-project-3\app\debug\main.obj
c:\users\jhcho\onedrive\desktop\github files\22s1-studio-project-3\app\debug\playgamestate.obj
c:\users\jhcho\onedrive\desktop\github files\22s1-studio-project-3\app\debug\pausestate.obj
c:\users\jhcho\onedrive\desktop\github files\22s1-studio-project-3\app\debug\menustate.obj
c:\users\jhcho\onedrive\desktop\github files\22s1-studio-project-3\app\debug\introstate.obj
c:\users\jhcho\onedrive\desktop\github files\22s1-studio-project-3\app\debug\gamestatemanager.obj
c:\users\jhcho\onedrive\desktop\github files\22s1-studio-project-3\app\debug\application.obj
c:\users\jhcho\onedrive\desktop\github files\22s1-studio-project-3\app\debug\app.ilk
c:\users\jhcho\onedrive\desktop\github files\22s1-studio-project-3\debug\app.exe
c:\users\jhcho\onedrive\desktop\github files\22s1-studio-project-3\debug\app.pdb
c:\users\jhcho\onedrive\desktop\github files\22s1-studio-project-3\app\debug\app.tlog\cl.command.1.tlog
c:\users\jhcho\onedrive\desktop\github files\22s1-studio-project-3\app\debug\app.tlog\cl.read.1.tlog
c:\users\jhcho\onedrive\desktop\github files\22s1-studio-project-3\app\debug\app.tlog\cl.write.1.tlog
c:\users\jhcho\onedrive\desktop\github files\22s1-studio-project-3\app\debug\app.tlog\link.command.1.tlog
c:\users\jhcho\onedrive\desktop\github files\22s1-studio-project-3\app\debug\app.tlog\link.read.1.tlog
c:\users\jhcho\onedrive\desktop\github files\22s1-studio-project-3\app\debug\app.tlog\link.write.1.tlog
